<?xml version="1.0" encoding="UTF-8" ?>
<testsuite tests="6" failures="0" name="calendar.CalDayTest" time="0" errors="0" skipped="0">
  <properties>
[...]
</properties>
  <testcase classname="calendar.CalDayTest" name="testGetFullInfo" time="0"/>
  <testcase classname="calendar.CalDayTest" name="testNull" time="0"/>
  <testcase classname="calendar.CalDayTest" name="testToString" time="0"/>
  <testcase classname="calendar.CalDayTest" name="test00" time="0"/>
  <testcase classname="calendar.CalDayTest" name="testGetSize" time="0"/>
  <testcase classname="calendar.CalDayTest" name="testInvalid" time="0"/>
</testsuite>