GROUP,PACKAGE,CLASS,INSTRUCTION_MISSED,INSTRUCTION_COVERED,BRANCH_MISSED,BRANCH_COVERED,LINE_MISSED,LINE_COVERED,COMPLEXITY_MISSED,COMPLEXITY_COVERED,METHOD_MISSED,METHOD_COVERED
Calendar,calendar,CalendarMain,357,0,4,0,76,0,4,0,2,0
Calendar,calendar,DateOutOfRangeException,3,4,0,0,2,2,1,1,1,1
Calendar,calendar,XmlParserErrorHandler,76,3,2,0,13,1,5,1,4,1
Calendar,calendar,Appt,134,235,19,25,20,79,16,42,6,30
Calendar,calendar,CalDay,254,102,19,9,46,30,20,10,9,7
Calendar,calendar,CalendarUtil,20,71,7,3,6,7,6,3,1,3
Calendar,calendar,DataHandler,256,729,40,40,63,197,29,28,1,15
